# JRE version: Java(TM) SE Runtime Environment (8.0_25-b17) (build 1.8.0_25-b17)
# Java VM: Java HotSpot(TM) 64-Bit Server VM (25.25-b02 mixed mode linux-amd64 compressed oops)
Heap:
 def new generation   total 4928K, used 4892K [0x00000000f0800000, 0x00000000f0d50000, 0x00000000f5aa0000)
  eden space 4416K, 100% used [0x00000000f0800000, 0x00000000f0c50000, 0x00000000f0c50000)
  from space 512K,  92% used [0x00000000f0cd0000, 0x00000000f0d47030, 0x00000000f0d50000)
  to   space 512K,  25% used [0x00000000f0c50000, 0x00000000f0c700d0, 0x00000000f0cd0000)
 tenured generation   total 10944K, used 10763K [0x00000000f5aa0000, 0x00000000f6550000, 0x0000000100000000)
   the space 10944K,  98% used [0x00000000f5aa0000, 0x00000000f6522f88, 0x00000000f6523000, 0x00000000f6550000)
 Metaspace       used 15223K, capacity 15794K, committed 15872K, reserved 1062912K
  class space    used 1895K, capacity 2008K, committed 2048K, reserved 1048576K
GC Heap History (10 events):
Event: 5.470 GC heap after
Heap after GC invocations=13 (full 0):
 def new generation   total 4928K, used 354K [0x00000000f0800000, 0x00000000f0d50000, 0x00000000f5aa0000)
  eden space 4416K,   0% used [0x00000000f0800000, 0x00000000f0800000, 0x00000000f0c50000)
  from space 512K,  69% used [0x00000000f0cd0000, 0x00000000f0d28aa0, 0x00000000f0d50000)
  to   space 512K,   0% used [0x00000000f0c50000, 0x00000000f0c50000, 0x00000000f0cd0000)
 tenured generation   total 10944K, used 5535K [0x00000000f5aa0000, 0x00000000f6550000, 0x0000000100000000)
   the space 10944K,  50% used [0x00000000f5aa0000, 0x00000000f6007c60, 0x00000000f6007e00, 0x00000000f6550000)
 Metaspace       used 12861K, capacity 13292K, committed 13568K, reserved 1060864K
  class space    used 1618K, capacity 1677K, committed 1792K, reserved 1048576K
}
Event: 5.622 GC heap before
{Heap before GC invocations=13 (full 0):
 def new generation   total 4928K, used 4770K [0x00000000f0800000, 0x00000000f0d50000, 0x00000000f5aa0000)
  eden space 4416K, 100% used [0x00000000f0800000, 0x00000000f0c50000, 0x00000000f0c50000)
  from space 512K,  69% used [0x00000000f0cd0000, 0x00000000f0d28aa0, 0x00000000f0d50000)
  to   space 512K,   0% used [0x00000000f0c50000, 0x00000000f0c50000, 0x00000000f0cd0000)
 tenured generation   total 10944K, used 5535K [0x00000000f5aa0000, 0x00000000f6550000, 0x0000000100000000)
   the space 10944K,  50% used [0x00000000f5aa0000, 0x00000000f6007c60, 0x00000000f6007e00, 0x00000000f6550000)
 Metaspace       used 13052K, capacity 13608K, committed 13824K, reserved 1060864K
  class space    used 1643K, capacity 1735K, committed 1792K, reserved 1048576K
Event: 5.631 GC heap after
Heap after GC invocations=14 (full 0):
 def new generation   total 4928K, used 207K [0x00000000f0800000, 0x00000000f0d50000, 0x00000000f5aa0000)
  eden space 4416K,   0% used [0x00000000f0800000, 0x00000000f0800000, 0x00000000f0c50000)
  from space 512K,  40% used [0x00000000f0c50000, 0x00000000f0c83ea8, 0x00000000f0cd0000)
  to   space 512K,   0% used [0x00000000f0cd0000, 0x00000000f0cd0000, 0x00000000f0d50000)
 tenured generation   total 10944K, used 5685K [0x00000000f5aa0000, 0x00000000f6550000, 0x0000000100000000)
   the space 10944K,  51% used [0x00000000f5aa0000, 0x00000000f602d4f0, 0x00000000f602d600, 0x00000000f6550000)
 Metaspace       used 13052K, capacity 13608K, committed 13824K, reserved 1060864K
  class space    used 1643K, capacity 1735K, committed 1792K, reserved 1048576K
}
Event: 6.845 GC heap before
{Heap before GC invocations=14 (full 0):
 def new generation   total 4928K, used 4623K [0x00000000f0800000, 0x00000000f0d50000, 0x00000000f5aa0000)
  eden space 4416K, 100% used [0x00000000f0800000, 0x00000000f0c50000, 0x00000000f0c50000)
  from space 512K,  40% used [0x00000000f0c50000, 0x00000000f0c83ea8, 0x00000000f0cd0000)
  to   space 512K,   0% used [0x00000000f0cd0000, 0x00000000f0cd0000, 0x00000000f0d50000)
 tenured generation   total 10944K, used 5685K [0x00000000f5aa0000, 0x00000000f6550000, 0x0000000100000000)
   the space 10944K,  51% used [0x00000000f5aa0000, 0x00000000f602d4f0, 0x00000000f602d600, 0x00000000f6550000)
 Metaspace       used 14052K, capacity 14570K, committed 14720K, reserved 1062912K
  class space    used 1751K, capacity 1830K, committed 1920K, reserved 1048576K
Event: 6.852 GC heap after
Heap after GC invocations=15 (full 0):
 def new generation   total 4928K, used 511K [0x00000000f0800000, 0x00000000f0d50000, 0x00000000f5aa0000)
  eden space 4416K,   0% used [0x00000000f0800000, 0x00000000f0800000, 0x00000000f0c50000)
  from space 512K,  99% used [0x00000000f0cd0000, 0x00000000f0d4fff8, 0x00000000f0d50000)
  to   space 512K,   0% used [0x00000000f0c50000, 0x00000000f0c50000, 0x00000000f0cd0000)
 tenured generation   total 10944K, used 6108K [0x00000000f5aa0000, 0x00000000f6550000, 0x0000000100000000)
   the space 10944K,  55% used [0x00000000f5aa0000, 0x00000000f6097020, 0x00000000f6097200, 0x00000000f6550000)
 Metaspace       used 14052K, capacity 14570K, committed 14720K, reserved 1062912K
  class space    used 1751K, capacity 1830K, committed 1920K, reserved 1048576K
}
Event: 7.042 GC heap before
{Heap before GC invocations=15 (full 0):
 def new generation   total 4928K, used 4927K [0x00000000f0800000, 0x00000000f0d50000, 0x00000000f5aa0000)
  eden space 4416K, 100% used [0x00000000f0800000, 0x00000000f0c50000, 0x00000000f0c50000)
  from space 512K,  99% used [0x00000000f0cd0000, 0x00000000f0d4fff8, 0x00000000f0d50000)
  to   space 512K,   0% used [0x00000000f0c50000, 0x00000000f0c50000, 0x00000000f0cd0000)
 tenured generation   total 10944K, used 6108K [0x00000000f5aa0000, 0x00000000f6550000, 0x0000000100000000)
   the space 10944K,  55% used [0x00000000f5aa0000, 0x00000000f6097020, 0x00000000f6097200, 0x00000000f6550000)
 Metaspace       used 14753K, capacity 15346K, committed 15616K, reserved 1062912K
  class space    used 1832K, capacity 1944K, committed 2048K, reserved 1048576K
Event: 7.050 GC heap after
Heap after GC invocations=16 (full 0):
 def new generation   total 4928K, used 424K [0x00000000f0800000, 0x00000000f0d50000, 0x00000000f5aa0000)
  eden space 4416K,   0% used [0x00000000f0800000, 0x00000000f0800000, 0x00000000f0c50000)
  from space 512K,  82% used [0x00000000f0c50000, 0x00000000f0cba330, 0x00000000f0cd0000)
  to   space 512K,   0% used [0x00000000f0cd0000, 0x00000000f0cd0000, 0x00000000f0d50000)
 tenured generation   total 10944K, used 6595K [0x00000000f5aa0000, 0x00000000f6550000, 0x0000000100000000)
   the space 10944K,  60% used [0x00000000f5aa0000, 0x00000000f6110c38, 0x00000000f6110e00, 0x00000000f6550000)
 Metaspace       used 14753K, capacity 15346K, committed 15616K, reserved 1062912K
  class space    used 1832K, capacity 1944K, committed 2048K, reserved 1048576K
}
Event: 7.152 GC heap before
{Heap before GC invocations=16 (full 0):
 def new generation   total 4928K, used 4452K [0x00000000f0800000, 0x00000000f0d50000, 0x00000000f5aa0000)
  eden space 4416K,  91% used [0x00000000f0800000, 0x00000000f0beefa8, 0x00000000f0c50000)
  from space 512K,  82% used [0x00000000f0c50000, 0x00000000f0cba330, 0x00000000f0cd0000)
  to   space 512K,   0% used [0x00000000f0cd0000, 0x00000000f0cd0000, 0x00000000f0d50000)
 tenured generation   total 10944K, used 6595K [0x00000000f5aa0000, 0x00000000f6550000, 0x0000000100000000)
   the space 10944K,  60% used [0x00000000f5aa0000, 0x00000000f6110c38, 0x00000000f6110e00, 0x00000000f6550000)
 Metaspace       used 15145K, capacity 15730K, committed 15872K, reserved 1062912K
  class space    used 1891K, capacity 2008K, committed 2048K, reserved 1048576K
Event: 7.159 GC heap after
Heap after GC invocations=17 (full 0):
 def new generation   total 4928K, used 476K [0x00000000f0800000, 0x00000000f0d50000, 0x00000000f5aa0000)
  eden space 4416K,   0% used [0x00000000f0800000, 0x00000000f0800000, 0x00000000f0c50000)
  from space 512K,  92% used [0x00000000f0cd0000, 0x00000000f0d47030, 0x00000000f0d50000)
  to   space 512K,   0% used [0x00000000f0c50000, 0x00000000f0c50000, 0x00000000f0cd0000)
 tenured generation   total 10944K, used 8711K [0x00000000f5aa0000, 0x00000000f6550000, 0x0000000100000000)
   the space 10944K,  79% used [0x00000000f5aa0000, 0x00000000f6321e98, 0x00000000f6322000, 0x00000000f6550000)
 Metaspace       used 15145K, capacity 15730K, committed 15872K, reserved 1062912K
  class space    used 1891K, capacity 2008K, committed 2048K, reserved 1048576K
}
Event: 7.217 GC heap before
{Heap before GC invocations=17 (full 0):
 def new generation   total 4928K, used 4892K [0x00000000f0800000, 0x00000000f0d50000, 0x00000000f5aa0000)
  eden space 4416K, 100% used [0x00000000f0800000, 0x00000000f0c50000, 0x00000000f0c50000)
  from space 512K,  92% used [0x00000000f0cd0000, 0x00000000f0d47030, 0x00000000f0d50000)
  to   space 512K,   0% used [0x00000000f0c50000, 0x00000000f0c50000, 0x00000000f0cd0000)
 tenured generation   total 10944K, used 8711K [0x00000000f5aa0000, 0x00000000f6550000, 0x0000000100000000)
   the space 10944K,  79% used [0x00000000f5aa0000, 0x00000000f6321e98, 0x00000000f6322000, 0x00000000f6550000)
 Metaspace       used 15223K, capacity 15794K, committed 15872K, reserved 1062912K
  class space    used 1895K, capacity 2008K, committed 2048K, reserved 1048576K

